{"/home/roman/Документы/test-task/src/api-functions.js": {"path":"/home/roman/Документы/test-task/src/api-functions.js","statementMap":{"0":{"start":{"line":3,"column":15},"end":{"line":3,"column":19}},"1":{"start":{"line":7,"column":2},"end":{"line":13,"column":3}},"2":{"start":{"line":8,"column":4},"end":{"line":8,"column":31}},"3":{"start":{"line":9,"column":9},"end":{"line":13,"column":3}},"4":{"start":{"line":10,"column":4},"end":{"line":10,"column":35}},"5":{"start":{"line":12,"column":4},"end":{"line":12,"column":34}},"6":{"start":{"line":14,"column":2},"end":{"line":14,"column":19}},"7":{"start":{"line":19,"column":4},"end":{"line":21,"column":5}},"8":{"start":{"line":20,"column":6},"end":{"line":20,"column":22}},"9":{"start":{"line":22,"column":4},"end":{"line":22,"column":20}},"10":{"start":{"line":26,"column":4},"end":{"line":31,"column":5}},"11":{"start":{"line":27,"column":6},"end":{"line":27,"column":100}},"12":{"start":{"line":28,"column":6},"end":{"line":28,"column":26}},"13":{"start":{"line":30,"column":6},"end":{"line":30,"column":33}},"14":{"start":{"line":35,"column":4},"end":{"line":42,"column":5}},"15":{"start":{"line":36,"column":6},"end":{"line":38,"column":9}},"16":{"start":{"line":39,"column":6},"end":{"line":39,"column":30}},"17":{"start":{"line":41,"column":6},"end":{"line":41,"column":33}},"18":{"start":{"line":46,"column":4},"end":{"line":51,"column":5}},"19":{"start":{"line":47,"column":6},"end":{"line":47,"column":120}},"20":{"start":{"line":48,"column":6},"end":{"line":48,"column":32}},"21":{"start":{"line":50,"column":6},"end":{"line":50,"column":33}}},"fnMap":{"0":{"name":"errorProcess","decl":{"start":{"line":5,"column":9},"end":{"line":5,"column":21}},"loc":{"start":{"line":5,"column":33},"end":{"line":15,"column":1}},"line":5},"1":{"name":"(anonymous_1)","decl":{"start":{"line":18,"column":2},"end":{"line":18,"column":3}},"loc":{"start":{"line":18,"column":16},"end":{"line":23,"column":3}},"line":18},"2":{"name":"(anonymous_2)","decl":{"start":{"line":25,"column":2},"end":{"line":25,"column":3}},"loc":{"start":{"line":25,"column":20},"end":{"line":32,"column":3}},"line":25},"3":{"name":"(anonymous_3)","decl":{"start":{"line":34,"column":2},"end":{"line":34,"column":3}},"loc":{"start":{"line":34,"column":29},"end":{"line":43,"column":3}},"line":34},"4":{"name":"(anonymous_4)","decl":{"start":{"line":45,"column":2},"end":{"line":45,"column":3}},"loc":{"start":{"line":45,"column":29},"end":{"line":52,"column":3}},"line":45}},"branchMap":{"0":{"loc":{"start":{"line":7,"column":2},"end":{"line":13,"column":3}},"type":"if","locations":[{"start":{"line":7,"column":2},"end":{"line":13,"column":3}},{"start":{"line":7,"column":2},"end":{"line":13,"column":3}}],"line":7},"1":{"loc":{"start":{"line":9,"column":9},"end":{"line":13,"column":3}},"type":"if","locations":[{"start":{"line":9,"column":9},"end":{"line":13,"column":3}},{"start":{"line":9,"column":9},"end":{"line":13,"column":3}}],"line":9},"2":{"loc":{"start":{"line":19,"column":4},"end":{"line":21,"column":5}},"type":"if","locations":[{"start":{"line":19,"column":4},"end":{"line":21,"column":5}},{"start":{"line":19,"column":4},"end":{"line":21,"column":5}}],"line":19}},"s":{"0":1,"1":0,"2":0,"3":0,"4":0,"5":0,"6":0,"7":1,"8":1,"9":1,"10":1,"11":1,"12":1,"13":0,"14":0,"15":0,"16":0,"17":0,"18":0,"19":0,"20":0,"21":0},"f":{"0":0,"1":1,"2":1,"3":0,"4":0},"b":{"0":[0,0],"1":[0,0],"2":[1,0]},"_coverageSchema":"1a1c01bbd47fc00a2c39e90264f33305004495a9","hash":"0cdce85b90074a3e61280ce37b7b66ae1f6051a8"}
,"/home/roman/Документы/test-task/src/static-data.js": {"path":"/home/roman/Документы/test-task/src/static-data.js","statementMap":{"0":{"start":{"line":4,"column":4},"end":{"line":6,"column":5}},"1":{"start":{"line":5,"column":6},"end":{"line":5,"column":51}},"2":{"start":{"line":7,"column":4},"end":{"line":7,"column":34}},"3":{"start":{"line":11,"column":4},"end":{"line":11,"column":63}},"4":{"start":{"line":12,"column":4},"end":{"line":12,"column":23}},"5":{"start":{"line":16,"column":4},"end":{"line":16,"column":36}},"6":{"start":{"line":17,"column":4},"end":{"line":17,"column":24}}},"fnMap":{"0":{"name":"(anonymous_0)","decl":{"start":{"line":3,"column":2},"end":{"line":3,"column":3}},"loc":{"start":{"line":3,"column":23},"end":{"line":8,"column":3}},"line":3},"1":{"name":"(anonymous_1)","decl":{"start":{"line":10,"column":2},"end":{"line":10,"column":3}},"loc":{"start":{"line":10,"column":13},"end":{"line":13,"column":3}},"line":10},"2":{"name":"(anonymous_2)","decl":{"start":{"line":15,"column":2},"end":{"line":15,"column":3}},"loc":{"start":{"line":15,"column":14},"end":{"line":18,"column":3}},"line":15}},"branchMap":{"0":{"loc":{"start":{"line":4,"column":4},"end":{"line":6,"column":5}},"type":"if","locations":[{"start":{"line":4,"column":4},"end":{"line":6,"column":5}},{"start":{"line":4,"column":4},"end":{"line":6,"column":5}}],"line":4}},"s":{"0":3,"1":1,"2":3,"3":2,"4":2,"5":2,"6":2},"f":{"0":3,"1":2,"2":2},"b":{"0":[1,2]},"_coverageSchema":"1a1c01bbd47fc00a2c39e90264f33305004495a9","hash":"78177bdd54e9673cc779366959ab7ae1a32be035"}
,"/home/roman/Документы/test-task/src/eventCreate/eventCreateEror.js": {"path":"/home/roman/Документы/test-task/src/eventCreate/eventCreateEror.js","statementMap":{"0":{"start":{"line":3,"column":4},"end":{"line":5,"column":5}},"1":{"start":{"line":4,"column":6},"end":{"line":4,"column":55}},"2":{"start":{"line":6,"column":4},"end":{"line":6,"column":50}},"3":{"start":{"line":7,"column":4},"end":{"line":7,"column":42}},"4":{"start":{"line":8,"column":4},"end":{"line":8,"column":38}},"5":{"start":{"line":9,"column":4},"end":{"line":9,"column":25}},"6":{"start":{"line":15,"column":4},"end":{"line":15,"column":12}},"7":{"start":{"line":16,"column":21},"end":{"line":16,"column":43}},"8":{"start":{"line":17,"column":4},"end":{"line":17,"column":103}},"9":{"start":{"line":18,"column":4},"end":{"line":18,"column":20}},"10":{"start":{"line":24,"column":4},"end":{"line":24,"column":12}},"11":{"start":{"line":25,"column":21},"end":{"line":25,"column":43}},"12":{"start":{"line":26,"column":4},"end":{"line":26,"column":100}},"13":{"start":{"line":27,"column":4},"end":{"line":27,"column":20}},"14":{"start":{"line":33,"column":4},"end":{"line":33,"column":12}},"15":{"start":{"line":34,"column":21},"end":{"line":34,"column":43}},"16":{"start":{"line":35,"column":4},"end":{"line":35,"column":117}},"17":{"start":{"line":36,"column":4},"end":{"line":36,"column":20}},"18":{"start":{"line":42,"column":4},"end":{"line":44,"column":5}},"19":{"start":{"line":43,"column":6},"end":{"line":43,"column":37}},"20":{"start":{"line":45,"column":4},"end":{"line":47,"column":5}},"21":{"start":{"line":46,"column":6},"end":{"line":46,"column":29}},"22":{"start":{"line":48,"column":4},"end":{"line":50,"column":5}},"23":{"start":{"line":49,"column":6},"end":{"line":49,"column":31}}},"fnMap":{"0":{"name":"(anonymous_0)","decl":{"start":{"line":2,"column":2},"end":{"line":2,"column":3}},"loc":{"start":{"line":2,"column":20},"end":{"line":10,"column":3}},"line":2},"1":{"name":"(anonymous_1)","decl":{"start":{"line":14,"column":2},"end":{"line":14,"column":3}},"loc":{"start":{"line":14,"column":16},"end":{"line":19,"column":3}},"line":14},"2":{"name":"(anonymous_2)","decl":{"start":{"line":23,"column":2},"end":{"line":23,"column":3}},"loc":{"start":{"line":23,"column":16},"end":{"line":28,"column":3}},"line":23},"3":{"name":"(anonymous_3)","decl":{"start":{"line":32,"column":2},"end":{"line":32,"column":3}},"loc":{"start":{"line":32,"column":16},"end":{"line":37,"column":3}},"line":32},"4":{"name":"(anonymous_4)","decl":{"start":{"line":41,"column":2},"end":{"line":41,"column":3}},"loc":{"start":{"line":41,"column":25},"end":{"line":51,"column":3}},"line":41}},"branchMap":{"0":{"loc":{"start":{"line":3,"column":4},"end":{"line":5,"column":5}},"type":"if","locations":[{"start":{"line":3,"column":4},"end":{"line":5,"column":5}},{"start":{"line":3,"column":4},"end":{"line":5,"column":5}}],"line":3},"1":{"loc":{"start":{"line":42,"column":4},"end":{"line":44,"column":5}},"type":"if","locations":[{"start":{"line":42,"column":4},"end":{"line":44,"column":5}},{"start":{"line":42,"column":4},"end":{"line":44,"column":5}}],"line":42},"2":{"loc":{"start":{"line":45,"column":4},"end":{"line":47,"column":5}},"type":"if","locations":[{"start":{"line":45,"column":4},"end":{"line":47,"column":5}},{"start":{"line":45,"column":4},"end":{"line":47,"column":5}}],"line":45},"3":{"loc":{"start":{"line":48,"column":4},"end":{"line":50,"column":5}},"type":"if","locations":[{"start":{"line":48,"column":4},"end":{"line":50,"column":5}},{"start":{"line":48,"column":4},"end":{"line":50,"column":5}}],"line":48}},"s":{"0":3,"1":0,"2":3,"3":3,"4":3,"5":3,"6":1,"7":1,"8":1,"9":1,"10":1,"11":1,"12":1,"13":1,"14":1,"15":1,"16":1,"17":1,"18":3,"19":1,"20":2,"21":1,"22":1,"23":1},"f":{"0":3,"1":1,"2":1,"3":1,"4":3},"b":{"0":[0,3],"1":[1,2],"2":[1,1],"3":[1,0]},"_coverageSchema":"1a1c01bbd47fc00a2c39e90264f33305004495a9","hash":"95eee408ca63e503f563ba1a1020870eed778c71"}
,"/home/roman/Документы/test-task/src/eventCreate/generateEventData.js": {"path":"/home/roman/Документы/test-task/src/eventCreate/generateEventData.js","statementMap":{"0":{"start":{"line":4,"column":20},"end":{"line":4,"column":42}},"1":{"start":{"line":7,"column":25},"end":{"line":7,"column":77}},"2":{"start":{"line":7,"column":55},"end":{"line":7,"column":76}},"3":{"start":{"line":8,"column":20},"end":{"line":8,"column":25}},"4":{"start":{"line":9,"column":2},"end":{"line":13,"column":5}},"5":{"start":{"line":10,"column":4},"end":{"line":12,"column":5}},"6":{"start":{"line":11,"column":6},"end":{"line":11,"column":25}},"7":{"start":{"line":14,"column":2},"end":{"line":14,"column":21}},"8":{"start":{"line":18,"column":18},"end":{"line":18,"column":22}},"9":{"start":{"line":19,"column":22},"end":{"line":19,"column":24}},"10":{"start":{"line":20,"column":2},"end":{"line":20,"column":33}},"11":{"start":{"line":21,"column":15},"end":{"line":21,"column":20}},"12":{"start":{"line":23,"column":20},"end":{"line":23,"column":62}},"13":{"start":{"line":24,"column":2},"end":{"line":41,"column":3}},"14":{"start":{"line":25,"column":4},"end":{"line":25,"column":33}},"15":{"start":{"line":26,"column":31},"end":{"line":26,"column":83}},"16":{"start":{"line":27,"column":33},"end":{"line":27,"column":62}},"17":{"start":{"line":28,"column":4},"end":{"line":36,"column":5}},"18":{"start":{"line":29,"column":6},"end":{"line":29,"column":60}},"19":{"start":{"line":31,"column":6},"end":{"line":33,"column":7}},"20":{"start":{"line":32,"column":8},"end":{"line":32,"column":82}},"21":{"start":{"line":34,"column":6},"end":{"line":34,"column":20}},"22":{"start":{"line":35,"column":6},"end":{"line":35,"column":24}},"23":{"start":{"line":38,"column":4},"end":{"line":38,"column":70}},"24":{"start":{"line":39,"column":4},"end":{"line":39,"column":18}},"25":{"start":{"line":40,"column":4},"end":{"line":40,"column":22}},"26":{"start":{"line":43,"column":2},"end":{"line":80,"column":3}},"27":{"start":{"line":44,"column":4},"end":{"line":44,"column":84}},"28":{"start":{"line":45,"column":4},"end":{"line":45,"column":86}},"29":{"start":{"line":49,"column":21},"end":{"line":49,"column":102}},"30":{"start":{"line":50,"column":4},"end":{"line":54,"column":7}},"31":{"start":{"line":51,"column":6},"end":{"line":53,"column":7}},"32":{"start":{"line":52,"column":8},"end":{"line":52,"column":28}},"33":{"start":{"line":56,"column":21},"end":{"line":56,"column":77}},"34":{"start":{"line":57,"column":4},"end":{"line":61,"column":7}},"35":{"start":{"line":58,"column":6},"end":{"line":60,"column":7}},"36":{"start":{"line":59,"column":8},"end":{"line":59,"column":27}},"37":{"start":{"line":63,"column":17},"end":{"line":63,"column":41}},"38":{"start":{"line":65,"column":18},"end":{"line":65,"column":47}},"39":{"start":{"line":66,"column":19},"end":{"line":66,"column":47}},"40":{"start":{"line":67,"column":4},"end":{"line":79,"column":5}},"41":{"start":{"line":68,"column":27},"end":{"line":68,"column":29}},"42":{"start":{"line":69,"column":6},"end":{"line":69,"column":42}},"43":{"start":{"line":70,"column":6},"end":{"line":70,"column":79}},"44":{"start":{"line":71,"column":6},"end":{"line":71,"column":59}},"45":{"start":{"line":72,"column":6},"end":{"line":72,"column":61}},"46":{"start":{"line":73,"column":6},"end":{"line":73,"column":49}},"47":{"start":{"line":75,"column":6},"end":{"line":75,"column":58}},"48":{"start":{"line":77,"column":6},"end":{"line":77,"column":74}},"49":{"start":{"line":78,"column":6},"end":{"line":78,"column":24}},"50":{"start":{"line":81,"column":2},"end":{"line":81,"column":19}}},"fnMap":{"0":{"name":"parseInpuEvents","decl":{"start":{"line":6,"column":9},"end":{"line":6,"column":24}},"loc":{"start":{"line":6,"column":50},"end":{"line":15,"column":1}},"line":6},"1":{"name":"(anonymous_1)","decl":{"start":{"line":7,"column":45},"end":{"line":7,"column":46}},"loc":{"start":{"line":7,"column":55},"end":{"line":7,"column":76}},"line":7},"2":{"name":"(anonymous_2)","decl":{"start":{"line":9,"column":25},"end":{"line":9,"column":26}},"loc":{"start":{"line":9,"column":38},"end":{"line":13,"column":3}},"line":9},"3":{"name":"processData","decl":{"start":{"line":17,"column":30},"end":{"line":17,"column":41}},"loc":{"start":{"line":17,"column":44},"end":{"line":82,"column":1}},"line":17},"4":{"name":"(anonymous_4)","decl":{"start":{"line":50,"column":21},"end":{"line":50,"column":22}},"loc":{"start":{"line":50,"column":43},"end":{"line":54,"column":5}},"line":50},"5":{"name":"(anonymous_5)","decl":{"start":{"line":57,"column":21},"end":{"line":57,"column":22}},"loc":{"start":{"line":57,"column":40},"end":{"line":61,"column":5}},"line":57}},"branchMap":{"0":{"loc":{"start":{"line":10,"column":4},"end":{"line":12,"column":5}},"type":"if","locations":[{"start":{"line":10,"column":4},"end":{"line":12,"column":5}},{"start":{"line":10,"column":4},"end":{"line":12,"column":5}}],"line":10},"1":{"loc":{"start":{"line":24,"column":2},"end":{"line":41,"column":3}},"type":"if","locations":[{"start":{"line":24,"column":2},"end":{"line":41,"column":3}},{"start":{"line":24,"column":2},"end":{"line":41,"column":3}}],"line":24},"2":{"loc":{"start":{"line":28,"column":4},"end":{"line":36,"column":5}},"type":"if","locations":[{"start":{"line":28,"column":4},"end":{"line":36,"column":5}},{"start":{"line":28,"column":4},"end":{"line":36,"column":5}}],"line":28},"3":{"loc":{"start":{"line":31,"column":6},"end":{"line":33,"column":7}},"type":"if","locations":[{"start":{"line":31,"column":6},"end":{"line":33,"column":7}},{"start":{"line":31,"column":6},"end":{"line":33,"column":7}}],"line":31},"4":{"loc":{"start":{"line":43,"column":2},"end":{"line":80,"column":3}},"type":"if","locations":[{"start":{"line":43,"column":2},"end":{"line":80,"column":3}},{"start":{"line":43,"column":2},"end":{"line":80,"column":3}}],"line":43},"5":{"loc":{"start":{"line":51,"column":6},"end":{"line":53,"column":7}},"type":"if","locations":[{"start":{"line":51,"column":6},"end":{"line":53,"column":7}},{"start":{"line":51,"column":6},"end":{"line":53,"column":7}}],"line":51},"6":{"loc":{"start":{"line":58,"column":6},"end":{"line":60,"column":7}},"type":"if","locations":[{"start":{"line":58,"column":6},"end":{"line":60,"column":7}},{"start":{"line":58,"column":6},"end":{"line":60,"column":7}}],"line":58},"7":{"loc":{"start":{"line":67,"column":4},"end":{"line":79,"column":5}},"type":"if","locations":[{"start":{"line":67,"column":4},"end":{"line":79,"column":5}},{"start":{"line":67,"column":4},"end":{"line":79,"column":5}}],"line":67}},"s":{"0":1,"1":2,"2":2,"3":2,"4":2,"5":2,"6":1,"7":2,"8":4,"9":4,"10":4,"11":4,"12":4,"13":4,"14":3,"15":3,"16":3,"17":3,"18":2,"19":1,"20":1,"21":1,"22":1,"23":1,"24":1,"25":1,"26":4,"27":2,"28":2,"29":2,"30":2,"31":18,"32":2,"33":2,"34":2,"35":10,"36":2,"37":2,"38":2,"39":2,"40":2,"41":1,"42":1,"43":1,"44":1,"45":1,"46":1,"47":1,"48":1,"49":1,"50":4},"f":{"0":2,"1":2,"2":2,"3":4,"4":18,"5":10},"b":{"0":[1,1],"1":[3,1],"2":[2,1],"3":[1,0],"4":[2,2],"5":[2,16],"6":[2,8],"7":[1,1]},"_coverageSchema":"1a1c01bbd47fc00a2c39e90264f33305004495a9","hash":"acb6d812c1873eee6a391d42ece000cdb11080c2"}
}
