TN:
SF:src/api-functions.js
FN:5,errorProcess
FN:18,(anonymous_1)
FN:25,(anonymous_2)
FN:34,(anonymous_3)
FN:45,(anonymous_4)
FNF:5
FNH:2
FNDA:0,errorProcess
FNDA:1,(anonymous_1)
FNDA:1,(anonymous_2)
FNDA:0,(anonymous_3)
FNDA:0,(anonymous_4)
DA:3,1
DA:7,0
DA:8,0
DA:9,0
DA:10,0
DA:12,0
DA:14,0
DA:19,1
DA:20,1
DA:22,1
DA:26,1
DA:27,1
DA:28,1
DA:30,0
DA:35,0
DA:36,0
DA:39,0
DA:41,0
DA:46,0
DA:47,0
DA:48,0
DA:50,0
LF:22
LH:7
BRDA:7,0,0,0
BRDA:7,0,1,0
BRDA:9,1,0,0
BRDA:9,1,1,0
BRDA:19,2,0,1
BRDA:19,2,1,0
BRF:6
BRH:1
end_of_record
TN:
SF:src/static-data.js
FN:3,(anonymous_0)
FN:10,(anonymous_1)
FN:15,(anonymous_2)
FNF:3
FNH:3
FNDA:3,(anonymous_0)
FNDA:2,(anonymous_1)
FNDA:2,(anonymous_2)
DA:4,3
DA:5,1
DA:7,3
DA:11,2
DA:12,2
DA:16,2
DA:17,2
LF:7
LH:7
BRDA:4,0,0,1
BRDA:4,0,1,2
BRF:2
BRH:2
end_of_record
TN:
SF:src/eventCreate/eventCreateEror.js
FN:2,(anonymous_0)
FN:14,(anonymous_1)
FN:23,(anonymous_2)
FN:32,(anonymous_3)
FN:41,(anonymous_4)
FNF:5
FNH:5
FNDA:3,(anonymous_0)
FNDA:1,(anonymous_1)
FNDA:1,(anonymous_2)
FNDA:1,(anonymous_3)
FNDA:3,(anonymous_4)
DA:3,3
DA:4,0
DA:6,3
DA:7,3
DA:8,3
DA:9,3
DA:15,1
DA:16,1
DA:17,1
DA:18,1
DA:24,1
DA:25,1
DA:26,1
DA:27,1
DA:33,1
DA:34,1
DA:35,1
DA:36,1
DA:42,3
DA:43,1
DA:45,2
DA:46,1
DA:48,1
DA:49,1
LF:24
LH:23
BRDA:3,0,0,0
BRDA:3,0,1,3
BRDA:42,1,0,1
BRDA:42,1,1,2
BRDA:45,2,0,1
BRDA:45,2,1,1
BRDA:48,3,0,1
BRDA:48,3,1,0
BRF:8
BRH:6
end_of_record
TN:
SF:src/eventCreate/generateEventData.js
FN:6,parseInpuEvents
FN:7,(anonymous_1)
FN:9,(anonymous_2)
FN:17,processData
FN:50,(anonymous_4)
FN:57,(anonymous_5)
FNF:6
FNH:6
FNDA:2,parseInpuEvents
FNDA:2,(anonymous_1)
FNDA:2,(anonymous_2)
FNDA:4,processData
FNDA:18,(anonymous_4)
FNDA:10,(anonymous_5)
DA:4,1
DA:7,2
DA:8,2
DA:9,2
DA:10,2
DA:11,1
DA:14,2
DA:18,4
DA:19,4
DA:20,4
DA:21,4
DA:23,4
DA:24,4
DA:25,3
DA:26,3
DA:27,3
DA:28,3
DA:29,2
DA:31,1
DA:32,1
DA:34,1
DA:35,1
DA:38,1
DA:39,1
DA:40,1
DA:43,4
DA:44,2
DA:45,2
DA:49,2
DA:50,2
DA:51,18
DA:52,2
DA:56,2
DA:57,2
DA:58,10
DA:59,2
DA:63,2
DA:65,2
DA:66,2
DA:67,2
DA:68,1
DA:69,1
DA:70,1
DA:71,1
DA:72,1
DA:73,1
DA:75,1
DA:77,1
DA:78,1
DA:81,4
LF:50
LH:50
BRDA:10,0,0,1
BRDA:10,0,1,1
BRDA:24,1,0,3
BRDA:24,1,1,1
BRDA:28,2,0,2
BRDA:28,2,1,1
BRDA:31,3,0,1
BRDA:31,3,1,0
BRDA:43,4,0,2
BRDA:43,4,1,2
BRDA:51,5,0,2
BRDA:51,5,1,16
BRDA:58,6,0,2
BRDA:58,6,1,8
BRDA:67,7,0,1
BRDA:67,7,1,1
BRF:16
BRH:15
end_of_record
